<?xml version="1.0" encoding="UTF-8"?>
<!-- Generated by org.testng.reporters.JUnitReportReporter -->
<testsuite hostname="EPINHYDW0EDB" failures="0" tests="1" name="tests.CalculatorPageTests" time="134.605" errors="0" timestamp="2022-08-05T12:09:08 IST" skipped="0">
  <testcase classname="tests.CalculatorPageTests" name="checkInformationInVmClassString" time="134.605"/>
  <system-out/>
</testsuite> <!-- tests.CalculatorPageTests -->
